
Symbol table '.dynsym' contains 45 entries:
   Num:    Value          Size Type    Bind   Vis      Ndx Name
     0: 0000000000000000     0 NOTYPE  LOCAL  DEFAULT  UND 
     1: 0000000000001050     0 SECTION LOCAL  DEFAULT    9 
     2: 0000000000013098     0 SECTION LOCAL  DEFAULT   21 
     3: 0000000000000000     0 FUNC    GLOBAL DEFAULT  UND _Z14AIPU_clean_jobPK10ctx
     4: 00000000000025b8   140 FUNC    GLOBAL DEFAULT   11 libmaix_nn_feature_compar
     5: 00000000000025a8     8 FUNC    GLOBAL DEFAULT   11 libmaix_nn_module_init
     6: 00000000000024e4   120 FUNC    GLOBAL DEFAULT   11 libmaix_nn_create
     7: 0000000000000000     0 NOTYPE  WEAK   DEFAULT  UND __gmon_start__
     8: 0000000000000000     0 FUNC    GLOBAL DEFAULT  UND _Z22AIPU_load_graph_helpe
     9: 00000000000026d8     0 FUNC    GLOBAL DEFAULT   12 _fini
    10: 0000000000002644   148 FUNC    GLOBAL DEFAULT   11 libmaix_nn_feature_compar
    11: 0000000000000000     0 OBJECT  GLOBAL DEFAULT  UND stdout@GLIBC_2.17 (2)
    12: 0000000000000000     0 FUNC    GLOBAL DEFAULT  UND fprintf@GLIBC_2.17 (2)
    13: 0000000000000000     0 FUNC    GLOBAL DEFAULT  UND memcpy@GLIBC_2.17 (2)
    14: 0000000000000000     0 FUNC    WEAK   DEFAULT  UND __cxa_finalize@GLIBC_2.17 (2)
    15: 0000000000000000     0 NOTYPE  WEAK   DEFAULT  UND _ITM_deregisterTMCloneTab
    16: 0000000000000000     0 NOTYPE  WEAK   DEFAULT  UND _ITM_registerTMCloneTable
    17: 0000000000000000     0 OBJECT  GLOBAL DEFAULT  UND stderr@GLIBC_2.17 (2)
    18: 00000000000130a0     0 NOTYPE  GLOBAL DEFAULT   22 __bss_start__
    19: 0000000000000000     0 FUNC    GLOBAL DEFAULT  UND _Z15AIPU_deinit_ctxPK10ct
    20: 0000000000000000     0 FUNC    GLOBAL DEFAULT  UND _Z13AIPU_init_ctxPP10ctx_
    21: 00000000000025b0     8 FUNC    GLOBAL DEFAULT   11 libmaix_nn_module_deinit
    22: 00000000000130a8     0 NOTYPE  GLOBAL DEFAULT   22 __end__
    23: 0000000000000000     0 FUNC    GLOBAL DEFAULT  UND _Z24AIPU_free_tensor_buff
    24: 00000000000130a8     0 NOTYPE  GLOBAL DEFAULT   22 __bss_end__
    25: 0000000000001804  3296 FUNC    GLOBAL DEFAULT   11 _Z22libmaix_nn_obj_forwar
    26: 00000000000013c0   224 FUNC    GLOBAL DEFAULT   11 _Z21libmaix_nn_obj_deinit
    27: 0000000000000000     0 FUNC    GLOBAL DEFAULT  UND malloc@GLIBC_2.17 (2)
    28: 00000000000130a0     0 NOTYPE  GLOBAL DEFAULT   22 __bss_start
    29: 0000000000000000     0 FUNC    GLOBAL DEFAULT  UND _Z19AIPU_get_status_msg13
    30: 00000000000130a8     0 NOTYPE  GLOBAL DEFAULT   22 _bss_end__
    31: 0000000000000000     0 FUNC    GLOBAL DEFAULT  UND _Z17AIPU_unload_graphPK10
    32: 000000000000255c    76 FUNC    GLOBAL DEFAULT   11 libmaix_nn_destroy
    33: 00000000000014a0   868 FUNC    GLOBAL DEFAULT   11 _Z19libmaix_nn_obj_loadP1
    34: 000000000000128c   308 FUNC    GLOBAL DEFAULT   11 _Z19libmaix_nn_obj_initP1
    35: 00000000000130a8     0 NOTYPE  GLOBAL DEFAULT   22 _end
    36: 0000000000000000     0 FUNC    GLOBAL DEFAULT  UND _Z25AIPU_alloc_tensor_buf
    37: 0000000000000000     0 FUNC    GLOBAL DEFAULT  UND _Z15AIPU_create_jobPK10ct
    38: 0000000000000000     0 FUNC    GLOBAL DEFAULT  UND _Z15AIPU_finish_jobPK10ct
    39: 0000000000000000     0 FUNC    GLOBAL DEFAULT  UND free@GLIBC_2.17 (2)
    40: 0000000000000000     0 FUNC    GLOBAL DEFAULT  UND puts@GLIBC_2.17 (2)
    41: 0000000000000000     0 FUNC    GLOBAL DEFAULT  UND fwrite@GLIBC_2.17 (2)
    42: 00000000000130a0     0 NOTYPE  GLOBAL DEFAULT   21 _edata
    43: 0000000000000000     0 FUNC    GLOBAL DEFAULT  UND printf@GLIBC_2.17 (2)
    44: 0000000000001050     0 FUNC    GLOBAL DEFAULT    9 _init

Symbol table '.symtab' contains 106 entries:
   Num:    Value          Size Type    Bind   Vis      Ndx Name
     0: 0000000000000000     0 NOTYPE  LOCAL  DEFAULT  UND 
     1: 00000000000001c8     0 SECTION LOCAL  DEFAULT    1 
     2: 00000000000001f0     0 SECTION LOCAL  DEFAULT    2 
     3: 0000000000000340     0 SECTION LOCAL  DEFAULT    3 
     4: 0000000000000778     0 SECTION LOCAL  DEFAULT    4 
     5: 0000000000000cd4     0 SECTION LOCAL  DEFAULT    5 
     6: 0000000000000d30     0 SECTION LOCAL  DEFAULT    6 
     7: 0000000000000d50     0 SECTION LOCAL  DEFAULT    7 
     8: 0000000000000e88     0 SECTION LOCAL  DEFAULT    8 
     9: 0000000000001050     0 SECTION LOCAL  DEFAULT    9 
    10: 0000000000001070     0 SECTION LOCAL  DEFAULT   10 
    11: 00000000000011c0     0 SECTION LOCAL  DEFAULT   11 
    12: 00000000000026d8     0 SECTION LOCAL  DEFAULT   12 
    13: 00000000000026e8     0 SECTION LOCAL  DEFAULT   13 
    14: 0000000000002af0     0 SECTION LOCAL  DEFAULT   14 
    15: 0000000000002b50     0 SECTION LOCAL  DEFAULT   15 
    16: 0000000000012d60     0 SECTION LOCAL  DEFAULT   16 
    17: 0000000000012d68     0 SECTION LOCAL  DEFAULT   17 
    18: 0000000000012d70     0 SECTION LOCAL  DEFAULT   18 
    19: 0000000000012f90     0 SECTION LOCAL  DEFAULT   19 
    20: 0000000000012fe8     0 SECTION LOCAL  DEFAULT   20 
    21: 0000000000013098     0 SECTION LOCAL  DEFAULT   21 
    22: 00000000000130a0     0 SECTION LOCAL  DEFAULT   22 
    23: 0000000000000000     0 SECTION LOCAL  DEFAULT   23 
    24: 0000000000000000     0 SECTION LOCAL  DEFAULT   24 
    25: 0000000000000000     0 SECTION LOCAL  DEFAULT   25 
    26: 0000000000000000     0 SECTION LOCAL  DEFAULT   26 
    27: 0000000000000000     0 SECTION LOCAL  DEFAULT   27 
    28: 0000000000000000     0 SECTION LOCAL  DEFAULT   28 
    29: 0000000000000000     0 FILE    LOCAL  DEFAULT  ABS /opt/gcc-linaro-7.5.0-201
    30: 00000000000011c0     0 NOTYPE  LOCAL  DEFAULT   11 $x
    31: 00000000000011c0    20 FUNC    LOCAL  DEFAULT   11 call_weak_fn
    32: 0000000000001050     0 NOTYPE  LOCAL  DEFAULT    9 $x
    33: 00000000000026d8     0 NOTYPE  LOCAL  DEFAULT   12 $x
    34: 0000000000000000     0 FILE    LOCAL  DEFAULT  ABS /opt/gcc-linaro-7.5.0-201
    35: 000000000000105c     0 NOTYPE  LOCAL  DEFAULT    9 $x
    36: 00000000000026e0     0 NOTYPE  LOCAL  DEFAULT   12 $x
    37: 0000000000000000     0 FILE    LOCAL  DEFAULT  ABS crtstuff.c
    38: 00000000000011d8     0 NOTYPE  LOCAL  DEFAULT   11 $x
    39: 00000000000011d8     0 FUNC    LOCAL  DEFAULT   11 deregister_tm_clones
    40: 0000000000001208     0 FUNC    LOCAL  DEFAULT   11 register_tm_clones
    41: 0000000000013098     0 NOTYPE  LOCAL  DEFAULT   21 $d
    42: 0000000000001240     0 FUNC    LOCAL  DEFAULT   11 __do_global_dtors_aux
    43: 00000000000130a0     1 OBJECT  LOCAL  DEFAULT   22 completed.7806
    44: 0000000000012d68     0 NOTYPE  LOCAL  DEFAULT   17 $d
    45: 0000000000012d68     0 OBJECT  LOCAL  DEFAULT   17 __do_global_dtors_aux_fin
    46: 0000000000001288     0 FUNC    LOCAL  DEFAULT   11 frame_dummy
    47: 0000000000012d60     0 NOTYPE  LOCAL  DEFAULT   16 $d
    48: 0000000000012d60     0 OBJECT  LOCAL  DEFAULT   16 __frame_dummy_init_array_
    49: 00000000000130a0     0 NOTYPE  LOCAL  DEFAULT   22 $d
    50: 0000000000000000     0 FILE    LOCAL  DEFAULT  ABS libmaix_nn.cpp
    51: 00000000000026e8     0 NOTYPE  LOCAL  DEFAULT   13 $d
    52: 000000000000128c     0 NOTYPE  LOCAL  DEFAULT   11 $x
    53: 0000000000002b64     0 NOTYPE  LOCAL  DEFAULT   15 $d
    54: 0000000000000000     0 FILE    LOCAL  DEFAULT  ABS crtstuff.c
    55: 0000000000002cb8     0 NOTYPE  LOCAL  DEFAULT   15 $d
    56: 0000000000002cb8     0 OBJECT  LOCAL  DEFAULT   15 __FRAME_END__
    57: 0000000000000000     0 FILE    LOCAL  DEFAULT  ABS 
    58: 0000000000002af0     0 NOTYPE  LOCAL  DEFAULT   14 __GNU_EH_FRAME_HDR
    59: 0000000000012f90     0 OBJECT  LOCAL  DEFAULT  ABS _GLOBAL_OFFSET_TABLE_
    60: 00000000000130a0     0 OBJECT  LOCAL  DEFAULT   21 __TMC_END__
    61: 0000000000013098     0 OBJECT  LOCAL  DEFAULT   21 __dso_handle
    62: 0000000000012d70     0 OBJECT  LOCAL  DEFAULT  ABS _DYNAMIC
    63: 0000000000001070     0 NOTYPE  LOCAL  DEFAULT   10 $x
    64: 0000000000000000     0 FUNC    GLOBAL DEFAULT  UND _Z14AIPU_clean_jobPK10ctx
    65: 00000000000025b8   140 FUNC    GLOBAL DEFAULT   11 libmaix_nn_feature_compar
    66: 00000000000025a8     8 FUNC    GLOBAL DEFAULT   11 libmaix_nn_module_init
    67: 00000000000024e4   120 FUNC    GLOBAL DEFAULT   11 libmaix_nn_create
    68: 0000000000000000     0 NOTYPE  WEAK   DEFAULT  UND __gmon_start__
    69: 0000000000000000     0 FUNC    GLOBAL DEFAULT  UND _Z22AIPU_load_graph_helpe
    70: 00000000000026d8     0 FUNC    GLOBAL DEFAULT   12 _fini
    71: 0000000000002644   148 FUNC    GLOBAL DEFAULT   11 libmaix_nn_feature_compar
    72: 0000000000000000     0 OBJECT  GLOBAL DEFAULT  UND stdout@@GLIBC_2.17
    73: 0000000000000000     0 FUNC    GLOBAL DEFAULT  UND fprintf@@GLIBC_2.17
    74: 0000000000000000     0 FUNC    GLOBAL DEFAULT  UND memcpy@@GLIBC_2.17
    75: 0000000000000000     0 FUNC    WEAK   DEFAULT  UND __cxa_finalize@@GLIBC_2.1
    76: 0000000000000000     0 NOTYPE  WEAK   DEFAULT  UND _ITM_deregisterTMCloneTab
    77: 0000000000000000     0 NOTYPE  WEAK   DEFAULT  UND _ITM_registerTMCloneTable
    78: 0000000000000000     0 OBJECT  GLOBAL DEFAULT  UND stderr@@GLIBC_2.17
    79: 00000000000130a0     0 NOTYPE  GLOBAL DEFAULT   22 __bss_start__
    80: 0000000000000000     0 FUNC    GLOBAL DEFAULT  UND _Z15AIPU_deinit_ctxPK10ct
    81: 0000000000000000     0 FUNC    GLOBAL DEFAULT  UND _Z13AIPU_init_ctxPP10ctx_
    82: 00000000000025b0     8 FUNC    GLOBAL DEFAULT   11 libmaix_nn_module_deinit
    83: 00000000000130a8     0 NOTYPE  GLOBAL DEFAULT   22 __end__
    84: 0000000000000000     0 FUNC    GLOBAL DEFAULT  UND _Z24AIPU_free_tensor_buff
    85: 00000000000130a8     0 NOTYPE  GLOBAL DEFAULT   22 __bss_end__
    86: 0000000000001804  3296 FUNC    GLOBAL DEFAULT   11 _Z22libmaix_nn_obj_forwar
    87: 00000000000013c0   224 FUNC    GLOBAL DEFAULT   11 _Z21libmaix_nn_obj_deinit
    88: 0000000000000000     0 FUNC    GLOBAL DEFAULT  UND malloc@@GLIBC_2.17
    89: 00000000000130a0     0 NOTYPE  GLOBAL DEFAULT   22 __bss_start
    90: 0000000000000000     0 FUNC    GLOBAL DEFAULT  UND _Z19AIPU_get_status_msg13
    91: 00000000000130a8     0 NOTYPE  GLOBAL DEFAULT   22 _bss_end__
    92: 0000000000000000     0 FUNC    GLOBAL DEFAULT  UND _Z17AIPU_unload_graphPK10
    93: 000000000000255c    76 FUNC    GLOBAL DEFAULT   11 libmaix_nn_destroy
    94: 00000000000014a0   868 FUNC    GLOBAL DEFAULT   11 _Z19libmaix_nn_obj_loadP1
    95: 000000000000128c   308 FUNC    GLOBAL DEFAULT   11 _Z19libmaix_nn_obj_initP1
    96: 00000000000130a8     0 NOTYPE  GLOBAL DEFAULT   22 _end
    97: 0000000000000000     0 FUNC    GLOBAL DEFAULT  UND _Z25AIPU_alloc_tensor_buf
    98: 0000000000000000     0 FUNC    GLOBAL DEFAULT  UND _Z15AIPU_create_jobPK10ct
    99: 0000000000000000     0 FUNC    GLOBAL DEFAULT  UND _Z15AIPU_finish_jobPK10ct
   100: 0000000000000000     0 FUNC    GLOBAL DEFAULT  UND free@@GLIBC_2.17
   101: 0000000000000000     0 FUNC    GLOBAL DEFAULT  UND puts@@GLIBC_2.17
   102: 0000000000000000     0 FUNC    GLOBAL DEFAULT  UND fwrite@@GLIBC_2.17
   103: 00000000000130a0     0 NOTYPE  GLOBAL DEFAULT   21 _edata
   104: 0000000000000000     0 FUNC    GLOBAL DEFAULT  UND printf@@GLIBC_2.17
   105: 0000000000001050     0 FUNC    GLOBAL DEFAULT    9 _init
